<?xml version="1.0" encoding="UTF-8"?>
<!-- Generated by org.testng.reporters.JUnitXMLReporter -->
<testsuite ignored="0" hostname="DESKTOP-AELALK6" failures="0" tests="4" name="Default test" time="0.502" errors="0" timestamp="2023-05-18T07:18:58 IST">
  <testcase classname="TestNGBasics.TestNGBasics" name="Test4" time="0.167"/>
  <testcase classname="TestNGBasics.TestNGBasics" name="Test2" time="0.007"/>
  <testcase classname="TestNGBasics.TestNGBasics" name="Test3" time="0.02"/>
  <testcase classname="TestNGBasics.TestNGBasics" name="Test1" time="0.038"/>
</testsuite> <!-- Default test -->
