<?xml version="1.0" encoding="UTF-8"?>
<testng-results ignored="0" total="4" passed="4" failed="0" skipped="0">
  <reporter-output>
  </reporter-output>
  <suite started-at="2023-05-18T07:18:57 IST" name="Default suite" finished-at="2023-05-18T07:18:58 IST" duration-ms="502">
    <groups>
    </groups>
    <test started-at="2023-05-18T07:18:57 IST" name="Default test" finished-at="2023-05-18T07:18:58 IST" duration-ms="502">
      <class name="TestNGBasics.TestNGBasics">
        <test-method is-config="true" signature="Bsuite()[pri:0, instance:TestNGBasics.TestNGBasics@29e495ff]" started-at="2023-05-18T07:18:57 IST" name="Bsuite" finished-at="2023-05-18T07:18:57 IST" duration-ms="38" status="PASS">
          <reporter-output>
          </reporter-output>
        </test-method> <!-- Bsuite -->
        <test-method is-config="true" signature="Btest()[pri:0, instance:TestNGBasics.TestNGBasics@29e495ff]" started-at="2023-05-18T07:18:57 IST" name="Btest" finished-at="2023-05-18T07:18:57 IST" duration-ms="4" status="PASS">
          <reporter-output>
          </reporter-output>
        </test-method> <!-- Btest -->
        <test-method is-config="true" signature="Bclass()[pri:0, instance:TestNGBasics.TestNGBasics@29e495ff]" started-at="2023-05-18T07:18:57 IST" name="Bclass" finished-at="2023-05-18T07:18:57 IST" duration-ms="3" status="PASS">
          <reporter-output>
          </reporter-output>
        </test-method> <!-- Bclass -->
        <test-method is-config="true" signature="Bmethod()[pri:0, instance:TestNGBasics.TestNGBasics@29e495ff]" started-at="2023-05-18T07:18:57 IST" name="Bmethod" finished-at="2023-05-18T07:18:57 IST" duration-ms="7" status="PASS">
          <reporter-output>
          </reporter-output>
        </test-method> <!-- Bmethod -->
        <test-method signature="Test4()[pri:0, instance:TestNGBasics.TestNGBasics@29e495ff]" started-at="2023-05-18T07:18:57 IST" name="Test4" finished-at="2023-05-18T07:18:57 IST" duration-ms="167" status="PASS">
          <reporter-output>
          </reporter-output>
        </test-method> <!-- Test4 -->
        <test-method is-config="true" signature="Amethod()[pri:0, instance:TestNGBasics.TestNGBasics@29e495ff]" started-at="2023-05-18T07:18:57 IST" name="Amethod" finished-at="2023-05-18T07:18:57 IST" duration-ms="0" status="PASS">
          <reporter-output>
          </reporter-output>
        </test-method> <!-- Amethod -->
        <test-method is-config="true" signature="Bmethod()[pri:0, instance:TestNGBasics.TestNGBasics@29e495ff]" started-at="2023-05-18T07:18:57 IST" name="Bmethod" finished-at="2023-05-18T07:18:57 IST" duration-ms="6" status="PASS">
          <reporter-output>
          </reporter-output>
        </test-method> <!-- Bmethod -->
        <test-method signature="Test2()[pri:1, instance:TestNGBasics.TestNGBasics@29e495ff]" started-at="2023-05-18T07:18:57 IST" name="Test2" finished-at="2023-05-18T07:18:57 IST" duration-ms="7" status="PASS">
          <reporter-output>
          </reporter-output>
        </test-method> <!-- Test2 -->
        <test-method is-config="true" signature="Amethod()[pri:0, instance:TestNGBasics.TestNGBasics@29e495ff]" started-at="2023-05-18T07:18:57 IST" name="Amethod" finished-at="2023-05-18T07:18:57 IST" duration-ms="1" status="PASS">
          <reporter-output>
          </reporter-output>
        </test-method> <!-- Amethod -->
        <test-method is-config="true" signature="Bmethod()[pri:0, instance:TestNGBasics.TestNGBasics@29e495ff]" started-at="2023-05-18T07:18:57 IST" name="Bmethod" finished-at="2023-05-18T07:18:57 IST" duration-ms="0" status="PASS">
          <reporter-output>
          </reporter-output>
        </test-method> <!-- Bmethod -->
        <test-method signature="Test3()[pri:2, instance:TestNGBasics.TestNGBasics@29e495ff]" started-at="2023-05-18T07:18:57 IST" name="Test3" finished-at="2023-05-18T07:18:57 IST" duration-ms="20" status="PASS">
          <reporter-output>
          </reporter-output>
        </test-method> <!-- Test3 -->
        <test-method is-config="true" signature="Amethod()[pri:0, instance:TestNGBasics.TestNGBasics@29e495ff]" started-at="2023-05-18T07:18:58 IST" name="Amethod" finished-at="2023-05-18T07:18:58 IST" duration-ms="2" status="PASS">
          <reporter-output>
          </reporter-output>
        </test-method> <!-- Amethod -->
        <test-method is-config="true" signature="Bmethod()[pri:0, instance:TestNGBasics.TestNGBasics@29e495ff]" started-at="2023-05-18T07:18:58 IST" name="Bmethod" finished-at="2023-05-18T07:18:58 IST" duration-ms="0" status="PASS">
          <reporter-output>
          </reporter-output>
        </test-method> <!-- Bmethod -->
        <test-method signature="Test1()[pri:3, instance:TestNGBasics.TestNGBasics@29e495ff]" started-at="2023-05-18T07:18:58 IST" name="Test1" finished-at="2023-05-18T07:18:58 IST" duration-ms="38" status="PASS">
          <reporter-output>
          </reporter-output>
        </test-method> <!-- Test1 -->
        <test-method is-config="true" signature="Amethod()[pri:0, instance:TestNGBasics.TestNGBasics@29e495ff]" started-at="2023-05-18T07:18:58 IST" name="Amethod" finished-at="2023-05-18T07:18:58 IST" duration-ms="1" status="PASS">
          <reporter-output>
          </reporter-output>
        </test-method> <!-- Amethod -->
        <test-method is-config="true" signature="Aclass()[pri:0, instance:TestNGBasics.TestNGBasics@29e495ff]" started-at="2023-05-18T07:18:58 IST" name="Aclass" finished-at="2023-05-18T07:18:58 IST" duration-ms="2" status="PASS">
          <reporter-output>
          </reporter-output>
        </test-method> <!-- Aclass -->
        <test-method is-config="true" signature="Atest()[pri:0, instance:TestNGBasics.TestNGBasics@29e495ff]" started-at="2023-05-18T07:18:58 IST" name="Atest" finished-at="2023-05-18T07:18:58 IST" duration-ms="0" status="PASS">
          <reporter-output>
          </reporter-output>
        </test-method> <!-- Atest -->
      </class> <!-- TestNGBasics.TestNGBasics -->
    </test> <!-- Default test -->
  </suite> <!-- Default suite -->
</testng-results>
